c:\users\user\desktop\comsc-200\elevatorsimulation\elevatorsimulation\release\elevatorsimulation.pch
c:\users\user\desktop\comsc-200\elevatorsimulation\elevatorsimulation\release\vc140.pdb
c:\users\user\desktop\comsc-200\elevatorsimulation\elevatorsimulation\release\stdafx.obj
c:\users\user\desktop\comsc-200\elevatorsimulation\elevatorsimulation\release\visualrider.obj
c:\users\user\desktop\comsc-200\elevatorsimulation\elevatorsimulation\release\visualpanel.obj
c:\users\user\desktop\comsc-200\elevatorsimulation\elevatorsimulation\release\visualfloor.obj
c:\users\user\desktop\comsc-200\elevatorsimulation\elevatorsimulation\release\visualelevator.obj
c:\users\user\desktop\comsc-200\elevatorsimulation\elevatorsimulation\release\visualbuilding.obj
c:\users\user\desktop\comsc-200\elevatorsimulation\elevatorsimulation\release\main.obj
c:\users\user\desktop\comsc-200\elevatorsimulation\elevatorsimulation\release\elevatorsimulationdlg.obj
c:\users\user\desktop\comsc-200\elevatorsimulation\elevatorsimulation\release\elevatorsimulation.obj
c:\users\user\desktop\comsc-200\elevatorsimulation\elevatorsimulation\release\elevatorsimulation.exe
c:\users\user\desktop\comsc-200\elevatorsimulation\elevatorsimulation\release\elevatorsimulation.pdb
c:\users\user\desktop\comsc-200\elevatorsimulation\elevatorsimulation\release\elevatorsimulation.res
c:\users\user\desktop\comsc-200\elevatorsimulation\elevatorsimulation\.\release\elevatorsimulation.exe
c:\users\user\desktop\comsc-200\elevatorsimulation\elevatorsimulation\release\elevator.c5f0db77.tlog\cl.command.1.tlog
c:\users\user\desktop\comsc-200\elevatorsimulation\elevatorsimulation\release\elevator.c5f0db77.tlog\cl.read.1.tlog
c:\users\user\desktop\comsc-200\elevatorsimulation\elevatorsimulation\release\elevator.c5f0db77.tlog\cl.write.1.tlog
c:\users\user\desktop\comsc-200\elevatorsimulation\elevatorsimulation\release\elevator.c5f0db77.tlog\link.command.1.tlog
c:\users\user\desktop\comsc-200\elevatorsimulation\elevatorsimulation\release\elevator.c5f0db77.tlog\link.read.1.tlog
c:\users\user\desktop\comsc-200\elevatorsimulation\elevatorsimulation\release\elevator.c5f0db77.tlog\link.write.1.tlog
c:\users\user\desktop\comsc-200\elevatorsimulation\elevatorsimulation\release\elevator.c5f0db77.tlog\rc.command.1.tlog
c:\users\user\desktop\comsc-200\elevatorsimulation\elevatorsimulation\release\elevator.c5f0db77.tlog\rc.read.1.tlog
c:\users\user\desktop\comsc-200\elevatorsimulation\elevatorsimulation\release\elevator.c5f0db77.tlog\rc.write.1.tlog
