c:\users\user\desktop\comsc-200\elevatorsimulation\elevatorsimulation\debug\elevatorsimulation.pch
c:\users\user\desktop\comsc-200\elevatorsimulation\elevatorsimulation\debug\vc140.pdb
c:\users\user\desktop\comsc-200\elevatorsimulation\elevatorsimulation\debug\vc140.idb
c:\users\user\desktop\comsc-200\elevatorsimulation\elevatorsimulation\debug\stdafx.obj
c:\users\user\desktop\comsc-200\elevatorsimulation\elevatorsimulation\debug\visualrider.obj
c:\users\user\desktop\comsc-200\elevatorsimulation\elevatorsimulation\debug\visualpanel.obj
c:\users\user\desktop\comsc-200\elevatorsimulation\elevatorsimulation\debug\visualfloor.obj
c:\users\user\desktop\comsc-200\elevatorsimulation\elevatorsimulation\debug\visualelevator.obj
c:\users\user\desktop\comsc-200\elevatorsimulation\elevatorsimulation\debug\visualbuilding.obj
c:\users\user\desktop\comsc-200\elevatorsimulation\elevatorsimulation\debug\elevatorsimulationdlg.obj
c:\users\user\desktop\comsc-200\elevatorsimulation\elevatorsimulation\debug\elevatorsimulation.obj
c:\users\user\desktop\comsc-200\elevatorsimulation\elevatorsimulation\debug\elevatorsimulation.exe
c:\users\user\desktop\comsc-200\elevatorsimulation\elevatorsimulation\debug\elevatorsimulation.pdb
c:\users\user\desktop\comsc-200\elevatorsimulation\elevatorsimulation\debug\elevatorsimulation.res
c:\users\user\desktop\comsc-200\elevatorsimulation\elevatorsimulation\.\debug\elevatorsimulation.exe
c:\users\user\desktop\comsc-200\elevatorsimulation\elevatorsimulation\debug\elevator.c5f0db77.tlog\cl.command.1.tlog
c:\users\user\desktop\comsc-200\elevatorsimulation\elevatorsimulation\debug\elevator.c5f0db77.tlog\cl.read.1.tlog
c:\users\user\desktop\comsc-200\elevatorsimulation\elevatorsimulation\debug\elevator.c5f0db77.tlog\cl.write.1.tlog
c:\users\user\desktop\comsc-200\elevatorsimulation\elevatorsimulation\debug\elevator.c5f0db77.tlog\link.command.1.tlog
c:\users\user\desktop\comsc-200\elevatorsimulation\elevatorsimulation\debug\elevator.c5f0db77.tlog\link.read.1.tlog
c:\users\user\desktop\comsc-200\elevatorsimulation\elevatorsimulation\debug\elevator.c5f0db77.tlog\link.write.1.tlog
c:\users\user\desktop\comsc-200\elevatorsimulation\elevatorsimulation\debug\elevator.c5f0db77.tlog\rc.command.1.tlog
c:\users\user\desktop\comsc-200\elevatorsimulation\elevatorsimulation\debug\elevator.c5f0db77.tlog\rc.read.1.tlog
c:\users\user\desktop\comsc-200\elevatorsimulation\elevatorsimulation\debug\elevator.c5f0db77.tlog\rc.write.1.tlog
